Logfile initialized
[INFO] logfile = /Users/nihaopaul/Documents/Titanium_Studio_Workspace/XinCheJian Door/build.log
[DEBUG] /Users/nihaopaul/Library/Application Support/Titanium/mobilesdk/osx/2.1.0.GA/android/builder.py install XinCheJian Door /Applications/android-sdk-macosx /Users/nihaopaul/Documents/Titanium_Studio_Workspace/XinCheJian Door com.xinchejian.door 2
[INFO] Titanium SDK version: 2.1.0 (06/28/12 12:16 6e3cab6)
[DEBUG] Waiting for device to be ready ...
[TRACE] adb devices returned 1 devices/emulators
[DEBUG] Device connected... (waited 0 seconds)
[DEBUG] waited 0.023521 seconds on emulator to get ready
[DEBUG] com.xinchejian.door installed? False
[INFO] Copying CommonJS modules...
[INFO] Copying project resources..
[INFO] Tiapp.xml unchanged, skipping class generation
[DEBUG] Processing Android resource drawables
[DEBUG] found drawable-long-land-hdpi splash screen at /Users/nihaopaul/Documents/Titanium_Studio_Workspace/XinCheJian Door/Resources/android/images/res-long-land-hdpi/default.png
[DEBUG] found drawable-long-land-ldpi splash screen at /Users/nihaopaul/Documents/Titanium_Studio_Workspace/XinCheJian Door/Resources/android/images/res-long-land-ldpi/default.png
[DEBUG] found drawable-long-port-hdpi splash screen at /Users/nihaopaul/Documents/Titanium_Studio_Workspace/XinCheJian Door/Resources/android/images/res-long-port-hdpi/default.png
[DEBUG] found drawable-long-port-ldpi splash screen at /Users/nihaopaul/Documents/Titanium_Studio_Workspace/XinCheJian Door/Resources/android/images/res-long-port-ldpi/default.png
[DEBUG] found drawable-notlong-land-hdpi splash screen at /Users/nihaopaul/Documents/Titanium_Studio_Workspace/XinCheJian Door/Resources/android/images/res-notlong-land-hdpi/default.png
[DEBUG] found drawable-notlong-land-ldpi splash screen at /Users/nihaopaul/Documents/Titanium_Studio_Workspace/XinCheJian Door/Resources/android/images/res-notlong-land-ldpi/default.png
[DEBUG] found drawable-notlong-land-mdpi splash screen at /Users/nihaopaul/Documents/Titanium_Studio_Workspace/XinCheJian Door/Resources/android/images/res-notlong-land-mdpi/default.png
[DEBUG] found drawable-notlong-port-hdpi splash screen at /Users/nihaopaul/Documents/Titanium_Studio_Workspace/XinCheJian Door/Resources/android/images/res-notlong-port-hdpi/default.png
[DEBUG] found drawable-notlong-port-ldpi splash screen at /Users/nihaopaul/Documents/Titanium_Studio_Workspace/XinCheJian Door/Resources/android/images/res-notlong-port-ldpi/default.png
[DEBUG] found drawable-notlong-port-mdpi splash screen at /Users/nihaopaul/Documents/Titanium_Studio_Workspace/XinCheJian Door/Resources/android/images/res-notlong-port-mdpi/default.png
[DEBUG] creating unsigned apk: /Users/nihaopaul/Documents/Titanium_Studio_Workspace/XinCheJian Door/build/android/bin/app-unsigned.apk
[DEBUG] from resource zip => assets/Resources/images/button-down.png
[DEBUG] from resource zip => assets/Resources/images/button.png
[DEBUG] from resource zip => assets/Resources/ui/common/FirstView.js
[DEBUG] from resource zip => assets/Resources/ui/common/machineroom.js
[DEBUG] from resource zip => assets/Resources/ui/common/passport.js
[DEBUG] from resource zip => assets/Resources/ui/handheld/android/ApplicationWindow.js
[DEBUG] from resource zip => assets/Resources/ui/handheld/ApplicationWindow.js
[DEBUG] from resource zip => assets/Resources/ui/tablet/ApplicationWindow.js
[DEBUG] from resource zip => assets/Resources/KS_nav_ui.png
[DEBUG] from resource zip => assets/Resources/KS_nav_views.png
[DEBUG] from resource zip => assets/Resources/app.js
[DEBUG] from resource zip => assets/Resources/appicon.png
[DEBUG] from resource zip => assets/Resources/default.png
[DEBUG] from resource zip => assets/app.json
[DEBUG] from resource zip => assets/index.json
[DEBUG] from resource zip => assets/tiapp.xml
[DEBUG] from resource zip => res/drawable/appicon.png
[DEBUG] from resource zip => res/drawable/background.png
[DEBUG] from resource zip => res/layout/titanium_tabgroup.xml
[DEBUG] from resource zip => AndroidManifest.xml
[DEBUG] from resource zip => resources.arsc
[DEBUG] from resource zip => res/drawable-long-land-hdpi/background.png
[DEBUG] from resource zip => res/drawable-long-land-ldpi/background.png
[DEBUG] from resource zip => res/drawable-long-port-hdpi/background.png
[DEBUG] from resource zip => res/drawable-long-port-ldpi/background.png
[DEBUG] from resource zip => res/drawable-notlong-land-hdpi/background.png
[DEBUG] from resource zip => res/drawable-notlong-land-ldpi/background.png
[DEBUG] from resource zip => res/drawable-notlong-land-mdpi/background.png
[DEBUG] from resource zip => res/drawable-notlong-port-hdpi/background.png
[DEBUG] from resource zip => res/drawable-notlong-port-ldpi/background.png
[DEBUG] from resource zip => res/drawable-notlong-port-mdpi/background.png
[DEBUG] from JAR /Users/nihaopaul/Library/Application Support/Titanium/mobilesdk/osx/2.1.0.GA/android/thirdparty.jar => org/apache/Commons-NOTICE.txt
[DEBUG] from JAR /Users/nihaopaul/Library/Application Support/Titanium/mobilesdk/osx/2.1.0.GA/android/thirdparty.jar => org/apache/HttpComponents-NOTICE.txt
[DEBUG] from JAR /Users/nihaopaul/Library/Application Support/Titanium/mobilesdk/osx/2.1.0.GA/android/thirdparty.jar => org/apache/mime4j-NOTICE.txt
[DEBUG] from JAR /Users/nihaopaul/Library/Application Support/Titanium/mobilesdk/osx/2.1.0.GA/android/modules/titanium-ui.jar => ti/modules/titanium/ui/widget/webview/binding.js
[DEBUG] from JAR /Users/nihaopaul/Library/Application Support/Titanium/mobilesdk/osx/2.1.0.GA/android/modules/titanium-ui.jar => ti/modules/titanium/ui/widget/webview/binding.min.js
[DEBUG] from JAR /Users/nihaopaul/Library/Application Support/Titanium/mobilesdk/osx/2.1.0.GA/android/modules/titanium-ui.jar => ti/modules/titanium/ui/widget/webview/json2.js
[DEBUG] from JAR /Users/nihaopaul/Library/Application Support/Titanium/mobilesdk/osx/2.1.0.GA/android/js.jar => org/mozilla/javascript/resources/Messages.properties
[DEBUG] from JAR /Users/nihaopaul/Library/Application Support/Titanium/mobilesdk/osx/2.1.0.GA/android/js.jar => org/mozilla/javascript/resources/Messages_fr.properties
[DEBUG] from JAR /Users/nihaopaul/Library/Application Support/Titanium/mobilesdk/osx/2.1.0.GA/android/js.jar => org/mozilla/javascript/tools/resources/Messages.properties
[DEBUG] from JAR /Users/nihaopaul/Library/Application Support/Titanium/mobilesdk/osx/2.1.0.GA/android/titanium.jar => org/appcelerator/titanium/build.properties
[DEBUG] from JAR /Users/nihaopaul/Library/Application Support/Titanium/mobilesdk/osx/2.1.0.GA/android/titanium.jar => org/appcelerator/titanium/res/drawable/background.png
[DEBUG] from JAR /Users/nihaopaul/Library/Application Support/Titanium/mobilesdk/osx/2.1.0.GA/android/titanium.jar => org/appcelerator/titanium/res/drawable/btn_check_buttonless_on.png
[DEBUG] from JAR /Users/nihaopaul/Library/Application Support/Titanium/mobilesdk/osx/2.1.0.GA/android/titanium.jar => org/appcelerator/titanium/res/drawable/btn_check_buttonless_on_18.png
[DEBUG] from JAR /Users/nihaopaul/Library/Application Support/Titanium/mobilesdk/osx/2.1.0.GA/android/titanium.jar => org/appcelerator/titanium/res/drawable/btn_check_buttonless_on_48.png
[DEBUG] from JAR /Users/nihaopaul/Library/Application Support/Titanium/mobilesdk/osx/2.1.0.GA/android/titanium.jar => org/appcelerator/titanium/res/drawable/btn_more.png
[DEBUG] from JAR /Users/nihaopaul/Library/Application Support/Titanium/mobilesdk/osx/2.1.0.GA/android/titanium.jar => org/appcelerator/titanium/res/drawable/btn_more_18.png
[DEBUG] from JAR /Users/nihaopaul/Library/Application Support/Titanium/mobilesdk/osx/2.1.0.GA/android/titanium.jar => org/appcelerator/titanium/res/drawable/btn_more_48.png
[DEBUG] from JAR /Users/nihaopaul/Library/Application Support/Titanium/mobilesdk/osx/2.1.0.GA/android/titanium.jar => org/appcelerator/titanium/res/drawable/btn_picker_normal.9.png
[DEBUG] from JAR /Users/nihaopaul/Library/Application Support/Titanium/mobilesdk/osx/2.1.0.GA/android/titanium.jar => org/appcelerator/titanium/res/drawable/btn_picker_pressed.9.png
[DEBUG] from JAR /Users/nihaopaul/Library/Application Support/Titanium/mobilesdk/osx/2.1.0.GA/android/titanium.jar => org/appcelerator/titanium/res/drawable/btn_picker_selected.9.png
[DEBUG] from JAR /Users/nihaopaul/Library/Application Support/Titanium/mobilesdk/osx/2.1.0.GA/android/titanium.jar => org/appcelerator/titanium/res/drawable/default_icon.png
[DEBUG] from JAR /Users/nihaopaul/Library/Application Support/Titanium/mobilesdk/osx/2.1.0.GA/android/titanium.jar => org/appcelerator/titanium/res/drawable/photoDefault.png
[DEBUG] installing native SDK libs
[DEBUG] Waiting for device to be ready ...
[TRACE] adb devices returned 1 devices/emulators
[DEBUG] Device connected... (waited 0 seconds)
[DEBUG] waited 0.031815 seconds on emulator to get ready
[INFO] Installing application on device
[ERROR] Failed installing com.xinchejian.door: 	pkg: /data/local/tmp/app.apk
Failure [INSTALL_PARSE_FAILED_INCONSISTENT_CERTIFICATES]

